<?xml version="1.0" encoding="UTF-8"?>
<testng-results ignored="0" total="2" passed="2" failed="0" skipped="0">
  <reporter-output>
  </reporter-output>
  <suite started-at="2024-05-18T22:41:39Z" name="Suite" finished-at="2024-05-18T22:41:54Z" duration-ms="14259">
    <groups>
    </groups>
    <test started-at="2024-05-18T22:41:39Z" name="Test" finished-at="2024-05-18T22:41:54Z" duration-ms="14259">
      <class name="GoogleSearch">
        <test-method signature="googlesearch()[pri:0, instance:GoogleSearch@37e4d7bb]" started-at="2024-05-18T22:41:39Z" name="googlesearch" finished-at="2024-05-18T22:41:46Z" duration-ms="6490" status="PASS">
          <reporter-output>
          </reporter-output>
        </test-method> <!-- googlesearch -->
      </class> <!-- GoogleSearch -->
      <class name="HowStuffWorks">
        <test-method signature="howstuffworks()[pri:0, instance:HowStuffWorks@6f7923a5]" started-at="2024-05-18T22:41:46Z" name="howstuffworks" finished-at="2024-05-18T22:41:54Z" duration-ms="7717" status="PASS">
          <reporter-output>
          </reporter-output>
        </test-method> <!-- howstuffworks -->
      </class> <!-- HowStuffWorks -->
    </test> <!-- Test -->
  </suite> <!-- Suite -->
</testng-results>
