<?xml version="1.0" encoding="UTF-8"?>
<testng-results ignored="0" total="2" passed="2" failed="0" skipped="0">
  <reporter-output>
  </reporter-output>
  <suite started-at="2024-05-20T04:49:01Z" name="Suite" finished-at="2024-05-20T04:49:18Z" duration-ms="16469">
    <groups>
    </groups>
    <test started-at="2024-05-20T04:49:01Z" name="Test" finished-at="2024-05-20T04:49:18Z" duration-ms="16469">
      <class name="GoogleSearch">
        <test-method signature="googlesearch()[pri:0, instance:GoogleSearch@14008db3]" started-at="2024-05-20T04:49:01Z" name="googlesearch" finished-at="2024-05-20T04:49:08Z" duration-ms="6877" status="PASS">
          <reporter-output>
          </reporter-output>
        </test-method> <!-- googlesearch -->
      </class> <!-- GoogleSearch -->
      <class name="HowStuffWorks">
        <test-method signature="howstuffworks()[pri:0, instance:HowStuffWorks@78a773fd]" started-at="2024-05-20T04:49:08Z" name="howstuffworks" finished-at="2024-05-20T04:49:18Z" duration-ms="9539" status="PASS">
          <reporter-output>
          </reporter-output>
        </test-method> <!-- howstuffworks -->
      </class> <!-- HowStuffWorks -->
    </test> <!-- Test -->
  </suite> <!-- Suite -->
</testng-results>
